27.04.2025 1:04:20: Произошла ошибка: "Предоставление значения для "System.Windows.StaticResourceExtension" вызвало исключение.": номер строки "32" и позиция в строке "14".
   в System.Windows.Markup.WpfXamlLoader.Load(XamlReader xamlReader, IXamlObjectWriterFactory writerFactory, Boolean skipJournaledProperties, Object rootObject, XamlObjectWriterSettings settings, Uri baseUri)
   в System.Windows.Markup.WpfXamlLoader.LoadBaml(XamlReader xamlReader, Boolean skipJournaledProperties, Object rootObject, XamlAccessLevel accessLevel, Uri baseUri)
   в System.Windows.Markup.XamlReader.LoadBaml(Stream stream, ParserContext parserContext, Object parent, Boolean closeStream)
   в System.Windows.Application.LoadComponent(Object component, Uri resourceLocator)
   в gamelauncher.Views.RegisterError.InitializeComponent() в H:\Уник\ООП\Курсач\gamelauncher\gamelauncher\Views\RegisterError.xaml:строка 1
   в gamelauncher.Views.RegisterError..ctor(String _message) в H:\Уник\ООП\Курсач\gamelauncher\gamelauncher\Views\RegisterError.xaml.cs:строка 27
   в gamelauncher.ViewModels.LoginViewModel.LoginAccount(String email, String password) в H:\Уник\ООП\Курсач\gamelauncher\gamelauncher\ViewModels\LoginViewModel.cs:строка 53
   в gamelauncher.ViewModels.LoginViewModel.<.ctor>b__14_0(Object _) в H:\Уник\ООП\Курсач\gamelauncher\gamelauncher\ViewModels\LoginViewModel.cs:строка 45
   в gamelauncher.MVVM.RelayCommand.Execute(Object parameter) в H:\Уник\ООП\Курсач\gamelauncher\gamelauncher\MVVM\RelayCommand.cs:строка 29
   в MS.Internal.Commands.CommandHelpers.CriticalExecuteCommandSource(ICommandSource commandSource, Boolean userInitiated)
   в System.Windows.Controls.Primitives.ButtonBase.OnClick()
   в System.Windows.Controls.Button.OnClick()
   в System.Windows.Controls.Primitives.ButtonBase.OnMouseLeftButtonUp(MouseButtonEventArgs e)
   в System.Windows.UIElement.OnMouseLeftButtonUpThunk(Object sender, MouseButtonEventArgs e)
   в System.Windows.Input.MouseButtonEventArgs.InvokeEventHandler(Delegate genericHandler, Object genericTarget)
   в System.Windows.RoutedEventArgs.InvokeHandler(Delegate handler, Object target)
   в System.Windows.RoutedEventHandlerInfo.InvokeHandler(Object target, RoutedEventArgs routedEventArgs)
   в System.Windows.EventRoute.InvokeHandlersImpl(Object source, RoutedEventArgs args, Boolean reRaised)
   в System.Windows.UIElement.ReRaiseEventAs(DependencyObject sender, RoutedEventArgs args, RoutedEvent newEvent)
   в System.Windows.UIElement.OnMouseUpThunk(Object sender, MouseButtonEventArgs e)
   в System.Windows.Input.MouseButtonEventArgs.InvokeEventHandler(Delegate genericHandler, Object genericTarget)
   в System.Windows.RoutedEventArgs.InvokeHandler(Delegate handler, Object target)
   в System.Windows.RoutedEventHandlerInfo.InvokeHandler(Object target, RoutedEventArgs routedEventArgs)
   в System.Windows.EventRoute.InvokeHandlersImpl(Object source, RoutedEventArgs args, Boolean reRaised)
   в System.Windows.UIElement.RaiseEventImpl(DependencyObject sender, RoutedEventArgs args)
   в System.Windows.UIElement.RaiseTrustedEvent(RoutedEventArgs args)
   в System.Windows.UIElement.RaiseEvent(RoutedEventArgs args, Boolean trusted)
   в System.Windows.Input.InputManager.ProcessStagingArea()
   в System.Windows.Input.InputManager.ProcessInput(InputEventArgs input)
   в System.Windows.Input.InputProviderSite.ReportInput(InputReport inputReport)
   в System.Windows.Interop.HwndMouseInputProvider.ReportInput(IntPtr hwnd, InputMode mode, Int32 timestamp, RawMouseActions actions, Int32 x, Int32 y, Int32 wheel)
   в System.Windows.Interop.HwndMouseInputProvider.FilterMessage(IntPtr hwnd, WindowMessage msg, IntPtr wParam, IntPtr lParam, Boolean& handled)
   в System.Windows.Interop.HwndSource.InputFilterMessage(IntPtr hwnd, Int32 msg, IntPtr wParam, IntPtr lParam, Boolean& handled)
   в MS.Win32.HwndWrapper.WndProc(IntPtr hwnd, Int32 msg, IntPtr wParam, IntPtr lParam, Boolean& handled)
   в MS.Win32.HwndSubclass.DispatcherCallbackOperation(Object o)
   в System.Windows.Threading.ExceptionWrapper.InternalRealCall(Delegate callback, Object args, Int32 numArgs)
   в System.Windows.Threading.ExceptionWrapper.TryCatchWhen(Object source, Delegate callback, Object args, Int32 numArgs, Delegate catchHandler)
27.04.2025 1:04:25: Произошла ошибка: "Предоставление значения для "System.Windows.StaticResourceExtension" вызвало исключение.": номер строки "32" и позиция в строке "14".
   в System.Windows.Markup.WpfXamlLoader.Load(XamlReader xamlReader, IXamlObjectWriterFactory writerFactory, Boolean skipJournaledProperties, Object rootObject, XamlObjectWriterSettings settings, Uri baseUri)
   в System.Windows.Markup.WpfXamlLoader.LoadBaml(XamlReader xamlReader, Boolean skipJournaledProperties, Object rootObject, XamlAccessLevel accessLevel, Uri baseUri)
   в System.Windows.Markup.XamlReader.LoadBaml(Stream stream, ParserContext parserContext, Object parent, Boolean closeStream)
   в System.Windows.Application.LoadComponent(Object component, Uri resourceLocator)
   в gamelauncher.Views.RegisterError.InitializeComponent() в H:\Уник\ООП\Курсач\gamelauncher\gamelauncher\Views\RegisterError.xaml:строка 1
   в gamelauncher.Views.RegisterError..ctor(String _message) в H:\Уник\ООП\Курсач\gamelauncher\gamelauncher\Views\RegisterError.xaml.cs:строка 27
   в gamelauncher.ViewModels.LoginViewModel.LoginAccount(String email, String password) в H:\Уник\ООП\Курсач\gamelauncher\gamelauncher\ViewModels\LoginViewModel.cs:строка 58
   в gamelauncher.ViewModels.LoginViewModel.<.ctor>b__14_0(Object _) в H:\Уник\ООП\Курсач\gamelauncher\gamelauncher\ViewModels\LoginViewModel.cs:строка 45
   в gamelauncher.MVVM.RelayCommand.Execute(Object parameter) в H:\Уник\ООП\Курсач\gamelauncher\gamelauncher\MVVM\RelayCommand.cs:строка 29
   в MS.Internal.Commands.CommandHelpers.CriticalExecuteCommandSource(ICommandSource commandSource, Boolean userInitiated)
   в System.Windows.Controls.Primitives.ButtonBase.OnClick()
   в System.Windows.Controls.Button.OnClick()
   в System.Windows.Controls.Primitives.ButtonBase.OnMouseLeftButtonUp(MouseButtonEventArgs e)
   в System.Windows.UIElement.OnMouseLeftButtonUpThunk(Object sender, MouseButtonEventArgs e)
   в System.Windows.Input.MouseButtonEventArgs.InvokeEventHandler(Delegate genericHandler, Object genericTarget)
   в System.Windows.RoutedEventArgs.InvokeHandler(Delegate handler, Object target)
   в System.Windows.RoutedEventHandlerInfo.InvokeHandler(Object target, RoutedEventArgs routedEventArgs)
   в System.Windows.EventRoute.InvokeHandlersImpl(Object source, RoutedEventArgs args, Boolean reRaised)
   в System.Windows.UIElement.ReRaiseEventAs(DependencyObject sender, RoutedEventArgs args, RoutedEvent newEvent)
   в System.Windows.UIElement.OnMouseUpThunk(Object sender, MouseButtonEventArgs e)
   в System.Windows.Input.MouseButtonEventArgs.InvokeEventHandler(Delegate genericHandler, Object genericTarget)
   в System.Windows.RoutedEventArgs.InvokeHandler(Delegate handler, Object target)
   в System.Windows.RoutedEventHandlerInfo.InvokeHandler(Object target, RoutedEventArgs routedEventArgs)
   в System.Windows.EventRoute.InvokeHandlersImpl(Object source, RoutedEventArgs args, Boolean reRaised)
   в System.Windows.UIElement.RaiseEventImpl(DependencyObject sender, RoutedEventArgs args)
   в System.Windows.UIElement.RaiseTrustedEvent(RoutedEventArgs args)
   в System.Windows.UIElement.RaiseEvent(RoutedEventArgs args, Boolean trusted)
   в System.Windows.Input.InputManager.ProcessStagingArea()
   в System.Windows.Input.InputManager.ProcessInput(InputEventArgs input)
   в System.Windows.Input.InputProviderSite.ReportInput(InputReport inputReport)
   в System.Windows.Interop.HwndMouseInputProvider.ReportInput(IntPtr hwnd, InputMode mode, Int32 timestamp, RawMouseActions actions, Int32 x, Int32 y, Int32 wheel)
   в System.Windows.Interop.HwndMouseInputProvider.FilterMessage(IntPtr hwnd, WindowMessage msg, IntPtr wParam, IntPtr lParam, Boolean& handled)
   в System.Windows.Interop.HwndSource.InputFilterMessage(IntPtr hwnd, Int32 msg, IntPtr wParam, IntPtr lParam, Boolean& handled)
   в MS.Win32.HwndWrapper.WndProc(IntPtr hwnd, Int32 msg, IntPtr wParam, IntPtr lParam, Boolean& handled)
   в MS.Win32.HwndSubclass.DispatcherCallbackOperation(Object o)
   в System.Windows.Threading.ExceptionWrapper.InternalRealCall(Delegate callback, Object args, Int32 numArgs)
   в System.Windows.Threading.ExceptionWrapper.TryCatchWhen(Object source, Delegate callback, Object args, Int32 numArgs, Delegate catchHandler)
27.04.2025 3:23:53: Произошла ошибка: Свойство "BorderBrush" не указывает на DependencyObject в пути "(0).(1)".
   в System.Windows.Media.Animation.Storyboard.VerifyPathIsAnimatable(PropertyPath path)
   в System.Windows.Media.Animation.Storyboard.ClockTreeWalkRecursive(Clock currentClock, DependencyObject containingObject, INameScope nameScope, DependencyObject parentObject, String parentObjectName, PropertyPath parentPropertyPath, HandoffBehavior handoffBehavior, HybridDictionary clockMappings, Int64 layer)
   в System.Windows.Media.Animation.Storyboard.ClockTreeWalkRecursive(Clock currentClock, DependencyObject containingObject, INameScope nameScope, DependencyObject parentObject, String parentObjectName, PropertyPath parentPropertyPath, HandoffBehavior handoffBehavior, HybridDictionary clockMappings, Int64 layer)
   в System.Windows.Media.Animation.Storyboard.BeginCommon(DependencyObject containingObject, INameScope nameScope, HandoffBehavior handoffBehavior, Boolean isControllable, Int64 layer)
   в System.Windows.Media.Animation.BeginStoryboard.Begin(DependencyObject targetObject, INameScope nameScope, Int64 layer)
   в System.Windows.Media.Animation.BeginStoryboard.Invoke(FrameworkElement fe, FrameworkContentElement fce, Style targetStyle, FrameworkTemplate frameworkTemplate, Int64 layer)
   в System.Windows.StyleHelper.InvokeActions(TriggerBase triggerBase, DependencyObject triggerContainer, TriggerActionCollection actions, Style style, FrameworkTemplate frameworkTemplate)
   в System.Windows.StyleHelper.InvokeEnterOrExitActions(TriggerBase triggerBase, Boolean oldState, Boolean newState, DependencyObject triggerContainer, Style style, FrameworkTemplate frameworkTemplate)
   в System.Windows.StyleHelper.InvokeDataTriggerActions(TriggerBase triggerBase, DependencyObject triggerContainer, BindingBase binding, BindingValueChangedEventArgs bindingChangedArgs, Style style, FrameworkTemplate frameworkTemplate, UncommonField`1 dataField)
   в System.Windows.StyleHelper.InvokeApplicableDataTriggerActions(Style style, FrameworkTemplate frameworkTemplate, DependencyObject container, BindingBase binding, BindingValueChangedEventArgs e, UncommonField`1 dataField)
   в System.Windows.StyleHelper.OnBindingValueInStyleChanged(Object sender, BindingValueChangedEventArgs e)
   в System.Windows.Data.BindingExpressionBase.ChangeValue(Object newValue, Boolean notify)
   в System.Windows.Data.BindingExpression.TransferValue(Object newValue, Boolean isASubPropertyChange)
   в System.Windows.Data.BindingExpression.ScheduleTransfer(Boolean isASubPropertyChange)
   в MS.Internal.Data.ClrBindingWorker.NewValueAvailable(Boolean dependencySourcesChanged, Boolean initialValue, Boolean isASubPropertyChange)
   в MS.Internal.Data.PropertyPathWorker.UpdateSourceValueState(Int32 k, ICollectionView collectionView, Object newValue, Boolean isASubPropertyChange)
   в MS.Internal.Data.ClrBindingWorker.OnSourcePropertyChanged(Object o, String propName)
   в MS.Internal.Data.PropertyPathWorker.OnPropertyChanged(Object sender, PropertyChangedEventArgs e)
   в System.Windows.WeakEventManager.ListenerList`1.DeliverEvent(Object sender, EventArgs e, Type managerType)
   в System.ComponentModel.PropertyChangedEventManager.OnPropertyChanged(Object sender, PropertyChangedEventArgs args)
   в gamelauncher.ViewModels.EditUserViewModel.OnPropertyChanged(String propertyName) в H:\Уник\ООП\Курсач\gamelauncher\gamelauncher\ViewModels\EditUserViewModel.cs:строка 194
   в gamelauncher.ViewModels.EditUserViewModel.set_IsAdmin(Boolean value) в H:\Уник\ООП\Курсач\gamelauncher\gamelauncher\ViewModels\EditUserViewModel.cs:строка 77
   в gamelauncher.ViewModels.EditUserViewModel.ChangeAdminState() в H:\Уник\ООП\Курсач\gamelauncher\gamelauncher\ViewModels\EditUserViewModel.cs:строка 139
   в gamelauncher.ViewModels.EditUserViewModel.<.ctor>b__46_1(Object _) в H:\Уник\ООП\Курсач\gamelauncher\gamelauncher\ViewModels\EditUserViewModel.cs:строка 127
   в gamelauncher.MVVM.RelayCommand.Execute(Object parameter) в H:\Уник\ООП\Курсач\gamelauncher\gamelauncher\MVVM\RelayCommand.cs:строка 29
   в MS.Internal.Commands.CommandHelpers.CriticalExecuteCommandSource(ICommandSource commandSource, Boolean userInitiated)
   в System.Windows.Controls.Primitives.ButtonBase.OnClick()
   в System.Windows.Controls.Button.OnClick()
   в System.Windows.Controls.Primitives.ButtonBase.OnMouseLeftButtonUp(MouseButtonEventArgs e)
   в System.Windows.UIElement.OnMouseLeftButtonUpThunk(Object sender, MouseButtonEventArgs e)
   в System.Windows.Input.MouseButtonEventArgs.InvokeEventHandler(Delegate genericHandler, Object genericTarget)
   в System.Windows.RoutedEventArgs.InvokeHandler(Delegate handler, Object target)
   в System.Windows.RoutedEventHandlerInfo.InvokeHandler(Object target, RoutedEventArgs routedEventArgs)
   в System.Windows.EventRoute.InvokeHandlersImpl(Object source, RoutedEventArgs args, Boolean reRaised)
   в System.Windows.UIElement.ReRaiseEventAs(DependencyObject sender, RoutedEventArgs args, RoutedEvent newEvent)
   в System.Windows.UIElement.OnMouseUpThunk(Object sender, MouseButtonEventArgs e)
   в System.Windows.Input.MouseButtonEventArgs.InvokeEventHandler(Delegate genericHandler, Object genericTarget)
   в System.Windows.RoutedEventArgs.InvokeHandler(Delegate handler, Object target)
   в System.Windows.RoutedEventHandlerInfo.InvokeHandler(Object target, RoutedEventArgs routedEventArgs)
   в System.Windows.EventRoute.InvokeHandlersImpl(Object source, RoutedEventArgs args, Boolean reRaised)
   в System.Windows.UIElement.RaiseEventImpl(DependencyObject sender, RoutedEventArgs args)
   в System.Windows.UIElement.RaiseTrustedEvent(RoutedEventArgs args)
   в System.Windows.UIElement.RaiseEvent(RoutedEventArgs args, Boolean trusted)
   в System.Windows.Input.InputManager.ProcessStagingArea()
   в System.Windows.Input.InputManager.ProcessInput(InputEventArgs input)
   в System.Windows.Input.InputProviderSite.ReportInput(InputReport inputReport)
   в System.Windows.Interop.HwndMouseInputProvider.ReportInput(IntPtr hwnd, InputMode mode, Int32 timestamp, RawMouseActions actions, Int32 x, Int32 y, Int32 wheel)
   в System.Windows.Interop.HwndMouseInputProvider.FilterMessage(IntPtr hwnd, WindowMessage msg, IntPtr wParam, IntPtr lParam, Boolean& handled)
   в System.Windows.Interop.HwndSource.InputFilterMessage(IntPtr hwnd, Int32 msg, IntPtr wParam, IntPtr lParam, Boolean& handled)
   в MS.Win32.HwndWrapper.WndProc(IntPtr hwnd, Int32 msg, IntPtr wParam, IntPtr lParam, Boolean& handled)
   в MS.Win32.HwndSubclass.DispatcherCallbackOperation(Object o)
   в System.Windows.Threading.ExceptionWrapper.InternalRealCall(Delegate callback, Object args, Int32 numArgs)
   в System.Windows.Threading.ExceptionWrapper.TryCatchWhen(Object source, Delegate callback, Object args, Int32 numArgs, Delegate catchHandler)
